[ 2016-05-24T18:27:11+08:00 ] 127.0.0.1 /Home/Job/ajax.html
INFO: [ app_begin ] --START--
INFO: Run Behavior\ReadHtmlCacheBehavior [ RunTime:0.000000s ]
INFO: [ app_begin ] --END-- [ RunTime:0.000000s ]
SQL: SHOW COLUMNS FROM `hs_job` [ RunTime:0.078125s ]
SQL: SELECT * FROM `hs_job` ORDER BY id LIMIT 0,6   [ RunTime:0.000000s ]
INFO: [ app_end ] --START--
INFO: Run Behavior\ShowPageTraceBehavior [ RunTime:0.000000s ]
INFO: [ app_end ] --END-- [ RunTime:0.000000s ]

[ 2016-05-24T18:27:13+08:00 ] 127.0.0.1 /Home/Job/ajax.html
INFO: [ app_begin ] --START--
INFO: Run Behavior\ReadHtmlCacheBehavior [ RunTime:0.000000s ]
INFO: [ app_begin ] --END-- [ RunTime:0.000000s ]
SQL: SHOW COLUMNS FROM `hs_job` [ RunTime:0.015625s ]
SQL: SELECT * FROM `hs_job` ORDER BY id LIMIT 6,6   [ RunTime:0.000000s ]
INFO: [ app_end ] --START--
INFO: Run Behavior\ShowPageTraceBehavior [ RunTime:0.000000s ]
INFO: [ app_end ] --END-- [ RunTime:0.000000s ]

[ 2016-05-24T18:27:13+08:00 ] 127.0.0.1 /Home/Job/ajax.html
INFO: [ app_begin ] --START--
INFO: Run Behavior\ReadHtmlCacheBehavior [ RunTime:0.000000s ]
INFO: [ app_begin ] --END-- [ RunTime:0.000000s ]
SQL: SHOW COLUMNS FROM `hs_job` [ RunTime:0.000000s ]
SQL: SELECT * FROM `hs_job` ORDER BY id LIMIT 12,6   [ RunTime:0.000000s ]
INFO: [ app_end ] --START--
INFO: Run Behavior\ShowPageTraceBehavior [ RunTime:0.000000s ]
INFO: [ app_end ] --END-- [ RunTime:0.000000s ]

[ 2016-05-24T18:27:14+08:00 ] 127.0.0.1 /Home/Job/ajax.html
INFO: [ app_begin ] --START--
INFO: Run Behavior\ReadHtmlCacheBehavior [ RunTime:0.000000s ]
INFO: [ app_begin ] --END-- [ RunTime:0.000000s ]
SQL: SHOW COLUMNS FROM `hs_job` [ RunTime:0.000000s ]
SQL: SELECT * FROM `hs_job` ORDER BY id LIMIT 18,6   [ RunTime:0.000000s ]
INFO: [ app_end ] --START--
INFO: Run Behavior\ShowPageTraceBehavior [ RunTime:0.000000s ]
INFO: [ app_end ] --END-- [ RunTime:0.015625s ]

[ 2016-05-24T18:27:14+08:00 ] 127.0.0.1 /Home/Job/ajax.html
INFO: [ app_begin ] --START--
INFO: Run Behavior\ReadHtmlCacheBehavior [ RunTime:0.000000s ]
INFO: [ app_begin ] --END-- [ RunTime:0.000000s ]
SQL: SHOW COLUMNS FROM `hs_job` [ RunTime:0.015625s ]
SQL: SELECT * FROM `hs_job` ORDER BY id LIMIT 24,6   [ RunTime:0.000000s ]
INFO: [ app_end ] --START--
INFO: Run Behavior\ShowPageTraceBehavior [ RunTime:0.000000s ]
INFO: [ app_end ] --END-- [ RunTime:0.000000s ]

[ 2016-05-24T18:27:14+08:00 ] 127.0.0.1 /Home/Job/ajax.html
INFO: [ app_begin ] --START--
INFO: Run Behavior\ReadHtmlCacheBehavior [ RunTime:0.000000s ]
INFO: [ app_begin ] --END-- [ RunTime:0.000000s ]
SQL: SHOW COLUMNS FROM `hs_job` [ RunTime:0.000000s ]
SQL: SELECT * FROM `hs_job` ORDER BY id LIMIT 30,6   [ RunTime:0.000000s ]
INFO: [ app_end ] --START--
INFO: Run Behavior\ShowPageTraceBehavior [ RunTime:0.000000s ]
INFO: [ app_end ] --END-- [ RunTime:0.000000s ]

[ 2016-05-24T18:27:14+08:00 ] 127.0.0.1 /Home/Job/ajax.html
INFO: [ app_begin ] --START--
INFO: Run Behavior\ReadHtmlCacheBehavior [ RunTime:0.000000s ]
INFO: [ app_begin ] --END-- [ RunTime:0.000000s ]
SQL: SHOW COLUMNS FROM `hs_job` [ RunTime:0.000000s ]
SQL: SELECT * FROM `hs_job` ORDER BY id LIMIT 36,6   [ RunTime:0.015625s ]
INFO: [ app_end ] --START--
INFO: Run Behavior\ShowPageTraceBehavior [ RunTime:0.000000s ]
INFO: [ app_end ] --END-- [ RunTime:0.000000s ]

[ 2016-05-24T18:27:14+08:00 ] 127.0.0.1 /Home/Job/ajax.html
INFO: [ app_begin ] --START--
INFO: Run Behavior\ReadHtmlCacheBehavior [ RunTime:0.000000s ]
INFO: [ app_begin ] --END-- [ RunTime:0.015625s ]
SQL: SHOW COLUMNS FROM `hs_job` [ RunTime:0.000000s ]
SQL: SELECT * FROM `hs_job` ORDER BY id LIMIT 42,6   [ RunTime:0.000000s ]
INFO: [ app_end ] --START--
INFO: Run Behavior\ShowPageTraceBehavior [ RunTime:0.000000s ]
INFO: [ app_end ] --END-- [ RunTime:0.000000s ]

[ 2016-05-24T18:27:15+08:00 ] 127.0.0.1 /Home/Job/ajax.html
INFO: [ app_begin ] --START--
INFO: Run Behavior\ReadHtmlCacheBehavior [ RunTime:0.000000s ]
INFO: [ app_begin ] --END-- [ RunTime:0.000000s ]
SQL: SHOW COLUMNS FROM `hs_job` [ RunTime:0.015625s ]
SQL: SELECT * FROM `hs_job` ORDER BY id LIMIT 48,6   [ RunTime:0.000000s ]
INFO: [ app_end ] --START--
INFO: Run Behavior\ShowPageTraceBehavior [ RunTime:0.000000s ]
INFO: [ app_end ] --END-- [ RunTime:0.000000s ]

[ 2016-05-24T18:27:15+08:00 ] 127.0.0.1 /Home/Job/ajax.html
INFO: [ app_begin ] --START--
INFO: Run Behavior\ReadHtmlCacheBehavior [ RunTime:0.000000s ]
INFO: [ app_begin ] --END-- [ RunTime:0.000000s ]
SQL: SHOW COLUMNS FROM `hs_job` [ RunTime:0.000000s ]
SQL: SELECT * FROM `hs_job` ORDER BY id LIMIT 54,6   [ RunTime:0.000000s ]
INFO: [ app_end ] --START--
INFO: Run Behavior\ShowPageTraceBehavior [ RunTime:0.000000s ]
INFO: [ app_end ] --END-- [ RunTime:0.000000s ]

[ 2016-05-24T18:27:15+08:00 ] 127.0.0.1 /Home/Job/ajax.html
INFO: [ app_begin ] --START--
INFO: Run Behavior\ReadHtmlCacheBehavior [ RunTime:0.000000s ]
INFO: [ app_begin ] --END-- [ RunTime:0.000000s ]
SQL: SHOW COLUMNS FROM `hs_job` [ RunTime:0.000000s ]
SQL: SELECT * FROM `hs_job` ORDER BY id LIMIT 60,6   [ RunTime:0.000000s ]
INFO: [ app_end ] --START--
INFO: Run Behavior\ShowPageTraceBehavior [ RunTime:0.015625s ]
INFO: [ app_end ] --END-- [ RunTime:0.015625s ]

[ 2016-05-24T18:28:25+08:00 ] 127.0.0.1 /Home/Job/ajax.html
INFO: [ app_begin ] --START--
INFO: Run Behavior\ReadHtmlCacheBehavior [ RunTime:0.000000s ]
INFO: [ app_begin ] --END-- [ RunTime:0.000000s ]
SQL: SHOW COLUMNS FROM `hs_job` [ RunTime:0.015625s ]
SQL: SELECT * FROM `hs_job` ORDER BY id LIMIT 0,6   [ RunTime:0.000000s ]
INFO: [ app_end ] --START--
INFO: Run Behavior\ShowPageTraceBehavior [ RunTime:0.015625s ]
INFO: [ app_end ] --END-- [ RunTime:0.015625s ]

[ 2016-05-24T18:28:31+08:00 ] 127.0.0.1 /Home/Job/ajax.html
INFO: [ app_begin ] --START--
INFO: Run Behavior\ReadHtmlCacheBehavior [ RunTime:0.000000s ]
INFO: [ app_begin ] --END-- [ RunTime:0.000000s ]
SQL: SHOW COLUMNS FROM `hs_job` [ RunTime:0.000000s ]
SQL: SELECT * FROM `hs_job` ORDER BY id LIMIT 6,6   [ RunTime:0.000000s ]
INFO: [ app_end ] --START--
INFO: Run Behavior\ShowPageTraceBehavior [ RunTime:0.000000s ]
INFO: [ app_end ] --END-- [ RunTime:0.000000s ]

[ 2016-05-24T18:28:35+08:00 ] 127.0.0.1 /Home/Job/ajax.html
INFO: [ app_begin ] --START--
INFO: Run Behavior\ReadHtmlCacheBehavior [ RunTime:0.015625s ]
INFO: [ app_begin ] --END-- [ RunTime:0.015625s ]
SQL: SHOW COLUMNS FROM `hs_job` [ RunTime:0.015625s ]
SQL: SELECT * FROM `hs_job` ORDER BY id LIMIT 12,6   [ RunTime:0.000000s ]
INFO: [ app_end ] --START--
INFO: Run Behavior\ShowPageTraceBehavior [ RunTime:0.000000s ]
INFO: [ app_end ] --END-- [ RunTime:0.000000s ]

[ 2016-05-24T18:28:35+08:00 ] 127.0.0.1 /Home/Job/ajax.html
INFO: [ app_begin ] --START--
INFO: Run Behavior\ReadHtmlCacheBehavior [ RunTime:0.000000s ]
INFO: [ app_begin ] --END-- [ RunTime:0.000000s ]
SQL: SHOW COLUMNS FROM `hs_job` [ RunTime:0.000000s ]
SQL: SELECT * FROM `hs_job` ORDER BY id LIMIT 18,6   [ RunTime:0.000000s ]
INFO: [ app_end ] --START--
INFO: Run Behavior\ShowPageTraceBehavior [ RunTime:0.000000s ]
INFO: [ app_end ] --END-- [ RunTime:0.000000s ]

[ 2016-05-24T18:28:35+08:00 ] 127.0.0.1 /Home/Job/ajax.html
INFO: [ app_begin ] --START--
INFO: Run Behavior\ReadHtmlCacheBehavior [ RunTime:0.000000s ]
INFO: [ app_begin ] --END-- [ RunTime:0.000000s ]
SQL: SHOW COLUMNS FROM `hs_job` [ RunTime:0.000000s ]
SQL: SELECT * FROM `hs_job` ORDER BY id LIMIT 24,6   [ RunTime:0.000000s ]
INFO: [ app_end ] --START--
INFO: Run Behavior\ShowPageTraceBehavior [ RunTime:0.000000s ]
INFO: [ app_end ] --END-- [ RunTime:0.000000s ]

[ 2016-05-24T18:28:35+08:00 ] 127.0.0.1 /Home/Job/ajax.html
INFO: [ app_begin ] --START--
INFO: Run Behavior\ReadHtmlCacheBehavior [ RunTime:0.000000s ]
INFO: [ app_begin ] --END-- [ RunTime:0.000000s ]
SQL: SHOW COLUMNS FROM `hs_job` [ RunTime:0.000000s ]
SQL: SELECT * FROM `hs_job` ORDER BY id LIMIT 30,6   [ RunTime:0.000000s ]
INFO: [ app_end ] --START--
INFO: Run Behavior\ShowPageTraceBehavior [ RunTime:0.000000s ]
INFO: [ app_end ] --END-- [ RunTime:0.000000s ]

[ 2016-05-24T18:28:35+08:00 ] 127.0.0.1 /Home/Job/ajax.html
INFO: [ app_begin ] --START--
INFO: Run Behavior\ReadHtmlCacheBehavior [ RunTime:0.000000s ]
INFO: [ app_begin ] --END-- [ RunTime:0.000000s ]
SQL: SHOW COLUMNS FROM `hs_job` [ RunTime:0.015625s ]
SQL: SELECT * FROM `hs_job` ORDER BY id LIMIT 36,6   [ RunTime:0.000000s ]
INFO: [ app_end ] --START--
INFO: Run Behavior\ShowPageTraceBehavior [ RunTime:0.000000s ]
INFO: [ app_end ] --END-- [ RunTime:0.000000s ]

[ 2016-05-24T18:28:38+08:00 ] 127.0.0.1 /Home/Job/ajax.html
INFO: [ app_begin ] --START--
INFO: Run Behavior\ReadHtmlCacheBehavior [ RunTime:0.000000s ]
INFO: [ app_begin ] --END-- [ RunTime:0.000000s ]
SQL: SHOW COLUMNS FROM `hs_job` [ RunTime:0.015625s ]
SQL: SELECT * FROM `hs_job` ORDER BY id LIMIT 42,6   [ RunTime:0.000000s ]
INFO: [ app_end ] --START--
INFO: Run Behavior\ShowPageTraceBehavior [ RunTime:0.000000s ]
INFO: [ app_end ] --END-- [ RunTime:0.000000s ]

[ 2016-05-24T18:28:38+08:00 ] 127.0.0.1 /Home/Job/ajax.html
INFO: [ app_begin ] --START--
INFO: Run Behavior\ReadHtmlCacheBehavior [ RunTime:0.000000s ]
INFO: [ app_begin ] --END-- [ RunTime:0.000000s ]
SQL: SHOW COLUMNS FROM `hs_job` [ RunTime:0.000000s ]
SQL: SELECT * FROM `hs_job` ORDER BY id LIMIT 48,6   [ RunTime:0.000000s ]
INFO: [ app_end ] --START--
INFO: Run Behavior\ShowPageTraceBehavior [ RunTime:0.000000s ]
INFO: [ app_end ] --END-- [ RunTime:0.000000s ]

[ 2016-05-24T18:28:38+08:00 ] 127.0.0.1 /Home/Job/ajax.html
INFO: [ app_begin ] --START--
INFO: Run Behavior\ReadHtmlCacheBehavior [ RunTime:0.000000s ]
INFO: [ app_begin ] --END-- [ RunTime:0.000000s ]
SQL: SHOW COLUMNS FROM `hs_job` [ RunTime:0.015625s ]
SQL: SELECT * FROM `hs_job` ORDER BY id LIMIT 54,6   [ RunTime:0.000000s ]
INFO: [ app_end ] --START--
INFO: Run Behavior\ShowPageTraceBehavior [ RunTime:0.000000s ]
INFO: [ app_end ] --END-- [ RunTime:0.000000s ]

[ 2016-05-24T18:28:38+08:00 ] 127.0.0.1 /Home/Job/ajax.html
INFO: [ app_begin ] --START--
INFO: Run Behavior\ReadHtmlCacheBehavior [ RunTime:0.000000s ]
INFO: [ app_begin ] --END-- [ RunTime:0.000000s ]
SQL: SHOW COLUMNS FROM `hs_job` [ RunTime:0.000000s ]
SQL: SELECT * FROM `hs_job` ORDER BY id LIMIT 60,6   [ RunTime:0.000000s ]
INFO: [ app_end ] --START--
INFO: Run Behavior\ShowPageTraceBehavior [ RunTime:0.000000s ]
INFO: [ app_end ] --END-- [ RunTime:0.000000s ]

[ 2016-05-24T18:28:38+08:00 ] 127.0.0.1 /Home/Job/ajax.html
INFO: [ app_begin ] --START--
INFO: Run Behavior\ReadHtmlCacheBehavior [ RunTime:0.000000s ]
INFO: [ app_begin ] --END-- [ RunTime:0.000000s ]
SQL: SHOW COLUMNS FROM `hs_job` [ RunTime:0.000000s ]
SQL: SELECT * FROM `hs_job` ORDER BY id LIMIT 66,6   [ RunTime:0.000000s ]
INFO: [ app_end ] --START--
INFO: Run Behavior\ShowPageTraceBehavior [ RunTime:0.000000s ]
INFO: [ app_end ] --END-- [ RunTime:0.000000s ]

[ 2016-05-24T18:28:38+08:00 ] 127.0.0.1 /Home/Job/ajax.html
INFO: [ app_begin ] --START--
INFO: Run Behavior\ReadHtmlCacheBehavior [ RunTime:0.000000s ]
INFO: [ app_begin ] --END-- [ RunTime:0.015625s ]
SQL: SHOW COLUMNS FROM `hs_job` [ RunTime:0.000000s ]
SQL: SELECT * FROM `hs_job` ORDER BY id LIMIT 72,6   [ RunTime:0.000000s ]
INFO: [ app_end ] --START--
INFO: Run Behavior\ShowPageTraceBehavior [ RunTime:0.000000s ]
INFO: [ app_end ] --END-- [ RunTime:0.000000s ]

[ 2016-05-24T18:28:38+08:00 ] 127.0.0.1 /Home/Job/ajax.html
INFO: [ app_begin ] --START--
INFO: Run Behavior\ReadHtmlCacheBehavior [ RunTime:0.000000s ]
INFO: [ app_begin ] --END-- [ RunTime:0.000000s ]
SQL: SHOW COLUMNS FROM `hs_job` [ RunTime:0.015625s ]
SQL: SELECT * FROM `hs_job` ORDER BY id LIMIT 78,6   [ RunTime:0.000000s ]
INFO: [ app_end ] --START--
INFO: Run Behavior\ShowPageTraceBehavior [ RunTime:0.000000s ]
INFO: [ app_end ] --END-- [ RunTime:0.000000s ]

[ 2016-05-24T18:28:50+08:00 ] 127.0.0.1 /Home/Job/ajax.html
INFO: [ app_begin ] --START--
INFO: Run Behavior\ReadHtmlCacheBehavior [ RunTime:0.000000s ]
INFO: [ app_begin ] --END-- [ RunTime:0.000000s ]
SQL: SHOW COLUMNS FROM `hs_job` [ RunTime:0.015625s ]
SQL: SELECT * FROM `hs_job` ORDER BY id LIMIT 84,6   [ RunTime:0.000000s ]
INFO: [ app_end ] --START--
INFO: Run Behavior\ShowPageTraceBehavior [ RunTime:0.000000s ]
INFO: [ app_end ] --END-- [ RunTime:0.000000s ]

[ 2016-05-24T18:28:50+08:00 ] 127.0.0.1 /Home/Job/ajax.html
INFO: [ app_begin ] --START--
INFO: Run Behavior\ReadHtmlCacheBehavior [ RunTime:0.000000s ]
INFO: [ app_begin ] --END-- [ RunTime:0.000000s ]
SQL: SHOW COLUMNS FROM `hs_job` [ RunTime:0.015625s ]
SQL: SELECT * FROM `hs_job` ORDER BY id LIMIT 90,6   [ RunTime:0.000000s ]
INFO: [ app_end ] --START--
INFO: Run Behavior\ShowPageTraceBehavior [ RunTime:0.000000s ]
INFO: [ app_end ] --END-- [ RunTime:0.000000s ]

[ 2016-05-24T18:28:50+08:00 ] 127.0.0.1 /Home/Job/ajax.html
INFO: [ app_begin ] --START--
INFO: Run Behavior\ReadHtmlCacheBehavior [ RunTime:0.000000s ]
INFO: [ app_begin ] --END-- [ RunTime:0.000000s ]
SQL: SHOW COLUMNS FROM `hs_job` [ RunTime:0.000000s ]
SQL: SELECT * FROM `hs_job` ORDER BY id LIMIT 96,6   [ RunTime:0.000000s ]
INFO: [ app_end ] --START--
INFO: Run Behavior\ShowPageTraceBehavior [ RunTime:0.000000s ]
INFO: [ app_end ] --END-- [ RunTime:0.000000s ]

[ 2016-05-24T18:28:50+08:00 ] 127.0.0.1 /Home/Job/ajax.html
INFO: [ app_begin ] --START--
INFO: Run Behavior\ReadHtmlCacheBehavior [ RunTime:0.000000s ]
INFO: [ app_begin ] --END-- [ RunTime:0.015625s ]
SQL: SHOW COLUMNS FROM `hs_job` [ RunTime:0.015625s ]
SQL: SELECT * FROM `hs_job` ORDER BY id LIMIT 102,6   [ RunTime:0.000000s ]
INFO: [ app_end ] --START--
INFO: Run Behavior\ShowPageTraceBehavior [ RunTime:0.000000s ]
INFO: [ app_end ] --END-- [ RunTime:0.000000s ]

[ 2016-05-24T18:28:56+08:00 ] 127.0.0.1 /Home/Job/ajax.html
INFO: [ app_begin ] --START--
INFO: Run Behavior\ReadHtmlCacheBehavior [ RunTime:0.000000s ]
INFO: [ app_begin ] --END-- [ RunTime:0.000000s ]
SQL: SHOW COLUMNS FROM `hs_job` [ RunTime:0.015625s ]
SQL: SELECT * FROM `hs_job` ORDER BY id LIMIT 0,6   [ RunTime:0.000000s ]
INFO: [ app_end ] --START--
INFO: Run Behavior\ShowPageTraceBehavior [ RunTime:0.000000s ]
INFO: [ app_end ] --END-- [ RunTime:0.000000s ]

[ 2016-05-24T18:38:05+08:00 ] 127.0.0.1 /Home/Job/ajax.html
INFO: [ app_begin ] --START--
INFO: Run Behavior\ReadHtmlCacheBehavior [ RunTime:0.000000s ]
INFO: [ app_begin ] --END-- [ RunTime:0.000000s ]
SQL: SHOW COLUMNS FROM `hs_job` [ RunTime:0.015625s ]
SQL: SELECT * FROM `hs_job` ORDER BY id LIMIT 0,6   [ RunTime:0.000000s ]
INFO: [ app_end ] --START--
INFO: Run Behavior\ShowPageTraceBehavior [ RunTime:0.000000s ]
INFO: [ app_end ] --END-- [ RunTime:0.000000s ]

[ 2016-05-24T19:27:07+08:00 ] 127.0.0.1 /Home/Job/ajax.html
INFO: [ app_begin ] --START--
INFO: Run Behavior\ReadHtmlCacheBehavior [ RunTime:0.000000s ]
INFO: [ app_begin ] --END-- [ RunTime:0.000000s ]
SQL: SHOW COLUMNS FROM `hs_job` [ RunTime:0.000000s ]
SQL: SELECT * FROM `hs_job` ORDER BY id LIMIT 0,6   [ RunTime:0.000000s ]
INFO: [ app_end ] --START--
INFO: Run Behavior\ShowPageTraceBehavior [ RunTime:0.000000s ]
INFO: [ app_end ] --END-- [ RunTime:0.000000s ]

[ 2016-05-24T19:27:09+08:00 ] 127.0.0.1 /Home/Recommend/ajax.html
INFO: [ app_begin ] --START--
INFO: Run Behavior\ReadHtmlCacheBehavior [ RunTime:0.000000s ]
INFO: [ app_begin ] --END-- [ RunTime:0.000000s ]
SQL: SHOW COLUMNS FROM `hs_recommend` [ RunTime:0.000000s ]
SQL: SELECT * FROM `hs_recommend` ORDER BY id LIMIT 0,6   [ RunTime:0.000000s ]
INFO: [ app_end ] --START--
INFO: Run Behavior\ShowPageTraceBehavior [ RunTime:0.000000s ]
INFO: [ app_end ] --END-- [ RunTime:0.000000s ]

[ 2016-05-24T19:27:09+08:00 ] 127.0.0.1 /Home/Recommend/ajax.html
INFO: [ app_begin ] --START--
INFO: Run Behavior\ReadHtmlCacheBehavior [ RunTime:0.000000s ]
INFO: [ app_begin ] --END-- [ RunTime:0.000000s ]
SQL: SHOW COLUMNS FROM `hs_recommend` [ RunTime:0.000000s ]
SQL: SELECT * FROM `hs_recommend` ORDER BY id LIMIT 6,6   [ RunTime:0.000000s ]
INFO: [ app_end ] --START--
INFO: Run Behavior\ShowPageTraceBehavior [ RunTime:0.000000s ]
INFO: [ app_end ] --END-- [ RunTime:0.000000s ]

[ 2016-05-24T19:27:09+08:00 ] 127.0.0.1 /Home/Recommend/ajax.html
INFO: [ app_begin ] --START--
INFO: Run Behavior\ReadHtmlCacheBehavior [ RunTime:0.000000s ]
INFO: [ app_begin ] --END-- [ RunTime:0.000000s ]
SQL: SHOW COLUMNS FROM `hs_recommend` [ RunTime:0.000000s ]
SQL: SELECT * FROM `hs_recommend` ORDER BY id LIMIT 12,6   [ RunTime:0.000000s ]
INFO: [ app_end ] --START--
INFO: Run Behavior\ShowPageTraceBehavior [ RunTime:0.000000s ]
INFO: [ app_end ] --END-- [ RunTime:0.000000s ]

[ 2016-05-24T19:27:09+08:00 ] 127.0.0.1 /Home/Recommend/ajax.html
INFO: [ app_begin ] --START--
INFO: Run Behavior\ReadHtmlCacheBehavior [ RunTime:0.015625s ]
INFO: [ app_begin ] --END-- [ RunTime:0.015625s ]
SQL: SHOW COLUMNS FROM `hs_recommend` [ RunTime:0.000000s ]
SQL: SELECT * FROM `hs_recommend` ORDER BY id LIMIT 18,6   [ RunTime:0.000000s ]
INFO: [ app_end ] --START--
INFO: Run Behavior\ShowPageTraceBehavior [ RunTime:0.000000s ]
INFO: [ app_end ] --END-- [ RunTime:0.015625s ]

[ 2016-05-24T19:27:09+08:00 ] 127.0.0.1 /Home/Recommend/ajax.html
INFO: [ app_begin ] --START--
INFO: Run Behavior\ReadHtmlCacheBehavior [ RunTime:0.000000s ]
INFO: [ app_begin ] --END-- [ RunTime:0.000000s ]
SQL: SHOW COLUMNS FROM `hs_recommend` [ RunTime:0.000000s ]
SQL: SELECT * FROM `hs_recommend` ORDER BY id LIMIT 24,6   [ RunTime:0.000000s ]
INFO: [ app_end ] --START--
INFO: Run Behavior\ShowPageTraceBehavior [ RunTime:0.000000s ]
INFO: [ app_end ] --END-- [ RunTime:0.000000s ]

[ 2016-05-24T19:27:09+08:00 ] 127.0.0.1 /Home/Recommend/ajax.html
INFO: [ app_begin ] --START--
INFO: Run Behavior\ReadHtmlCacheBehavior [ RunTime:0.000000s ]
INFO: [ app_begin ] --END-- [ RunTime:0.000000s ]
SQL: SHOW COLUMNS FROM `hs_recommend` [ RunTime:0.015625s ]
SQL: SELECT * FROM `hs_recommend` ORDER BY id LIMIT 30,6   [ RunTime:0.000000s ]
INFO: [ app_end ] --START--
INFO: Run Behavior\ShowPageTraceBehavior [ RunTime:0.000000s ]
INFO: [ app_end ] --END-- [ RunTime:0.000000s ]

[ 2016-05-24T19:29:58+08:00 ] 127.0.0.1 /Home/Recommend/ajax.html
INFO: [ app_begin ] --START--
INFO: Run Behavior\ReadHtmlCacheBehavior [ RunTime:0.000000s ]
INFO: [ app_begin ] --END-- [ RunTime:0.000000s ]
SQL: SHOW COLUMNS FROM `hs_recommend` [ RunTime:0.000000s ]
SQL: SELECT * FROM `hs_recommend` ORDER BY id LIMIT 0,6   [ RunTime:0.000000s ]
INFO: [ app_end ] --START--
INFO: Run Behavior\ShowPageTraceBehavior [ RunTime:0.000000s ]
INFO: [ app_end ] --END-- [ RunTime:0.000000s ]

